{"obj": {"type": "AssignString", "path": ["sys", "name"], "value": "Untitled"}, "version": 1}
{"obj": {"type": "AssignString", "path": ["sys", "description"], "value": ""}, "version": 2}
{"obj": {"type": "AssignString", "path": ["sys", "hostname"], "value": "d01ab3e31bda"}, "version": 3}
{"obj": {"type": "AssignBool", "path": ["sys", "failed"], "value": false}, "version": 4}
{"obj": {"type": "ClearStringLog", "path": ["monitoring", "stdout"]}, "version": 5}
{"obj": {"type": "ClearStringLog", "path": ["monitoring", "stderr"]}, "version": 6}
{"obj": {"type": "AssignString", "path": ["source_code", "entrypoint"], "value": "train_dqn_example.py"}, "version": 7}
{"obj": {"type": "UploadFileSet", "path": ["source_code", "files"], "file_globs": ["/starter-kit/train_dqn_example.py"], "reset": "False"}, "version": 8}
{"obj": {"type": "LogStrings", "path": ["monitoring", "stdout"], "values": [{"value": "", "step": null, "ts": 1622981042.8036084}]}, "version": 9}
{"obj": {"type": "LogStrings", "path": ["monitoring", "stdout"], "values": [{"value": "https://app.neptune.ai/TensorCell/KDD/e/KDD-21\n", "step": null, "ts": 1622981042.8046823}]}, "version": 10}
{"obj": {"type": "AssignString", "path": ["parameters", "input_dir"], "value": "agent"}, "version": 11}
{"obj": {"type": "AssignString", "path": ["parameters", "output_dir"], "value": "out"}, "version": 12}
{"obj": {"type": "AssignString", "path": ["parameters", "sim_cfg"], "value": "cfg/simulator_small.cfg"}, "version": 13}
{"obj": {"type": "AssignInt", "path": ["parameters", "metric_period"], "value": 3600}, "version": 14}
{"obj": {"type": "AssignFloat", "path": ["parameters", "threshold"], "value": 1.6}, "version": 15}
{"obj": {"type": "AssignString", "path": ["parameters", "model_name"], "value": "models_for_him/round_185.h5"}, "version": 16}
{"obj": {"type": "AssignInt", "path": ["parameters", "memory_size"], "value": 50000000}, "version": 17}
{"obj": {"type": "AssignInt", "path": ["parameters", "batch_size"], "value": 128}, "version": 18}
{"obj": {"type": "AssignInt", "path": ["parameters", "learning_start"], "value": 20000}, "version": 19}
{"obj": {"type": "AssignString", "path": ["parameters", "roadnet_size"], "value": "small"}, "version": 20}
{"obj": {"type": "AssignFloat", "path": ["parameters", "epsilon"], "value": 0.1}, "version": 21}
{"obj": {"type": "AssignFloat", "path": ["parameters", "gamma"], "value": 0.85}, "version": 22}
{"obj": {"type": "AssignFloat", "path": ["parameters", "learning_rate"], "value": 0.0005}, "version": 23}
{"obj": {"type": "AssignInt", "path": ["parameters", "thread"], "value": 40}, "version": 24}
{"obj": {"type": "AssignInt", "path": ["parameters", "steps"], "value": 360}, "version": 25}
{"obj": {"type": "AssignInt", "path": ["parameters", "episodes"], "value": 100}, "version": 26}
{"obj": {"type": "AssignInt", "path": ["parameters", "update_freq"], "value": 25}, "version": 27}
{"obj": {"type": "AssignInt", "path": ["parameters", "close_value"], "value": 100}, "version": 28}
{"obj": {"type": "AssignBool", "path": ["parameters", "save_model"], "value": true}, "version": 29}
{"obj": {"type": "AssignBool", "path": ["parameters", "load_model"], "value": false}, "version": 30}
{"obj": {"type": "AssignInt", "path": ["parameters", "save_rate"], "value": 10}, "version": 31}
{"obj": {"type": "AssignString", "path": ["parameters", "save_dir"], "value": "model/dqn_mine/new"}, "version": 32}
{"obj": {"type": "AssignString", "path": ["parameters", "log_dir"], "value": "cmd_log/dqn_warm_up"}, "version": 33}
{"obj": {"type": "LogStrings", "path": ["monitoring", "stderr"], "values": [{"value": "Using TensorFlow backend.\n", "step": null, "ts": 1622981044.042774}]}, "version": 34}
{"obj": {"type": "LogStrings", "path": ["monitoring", "stdout"], "values": [{"value": "----------------------------------------------------0/100", "step": null, "ts": 1622981049.0757983}]}, "version": 35}
{"obj": {"type": "LogStrings", "path": ["monitoring", "stdout"], "values": [{"value": "\n", "step": null, "ts": 1622981049.0761094}]}, "version": 36}
{"obj": {"type": "LogStrings", "path": ["monitoring", "traceback"], "values": [{"value": "An uncaught exception occurred while run was active on worker d01ab3e31bda.", "step": null, "ts": 1622981049.431876}, {"value": "Marking run as failed", "step": null, "ts": 1622981049.431876}, {"value": "Traceback:", "step": null, "ts": 1622981049.431876}, {"value": "  File \"train_dqn_example.py\", line 660, in <module>\n    raise AssertionError()\n", "step": null, "ts": 1622981049.431876}, {"value": "", "step": null, "ts": 1622981049.431876}]}, "version": 37}
{"obj": {"type": "AssignBool", "path": ["sys", "failed"], "value": true}, "version": 38}
{"obj": {"type": "LogStrings", "path": ["monitoring", "stderr"], "values": [{"value": "Traceback (most recent call last):\n", "step": null, "ts": 1622981049.4372652}]}, "version": 39}
{"obj": {"type": "LogStrings", "path": ["monitoring", "stderr"], "values": [{"value": "  File \"train_dqn_example.py\", line 654, in <module>\n", "step": null, "ts": 1622981049.4379535}]}, "version": 40}
{"obj": {"type": "LogStrings", "path": ["monitoring", "stderr"], "values": [{"value": "    ", "step": null, "ts": 1622981049.4389017}]}, "version": 41}
{"obj": {"type": "LogStrings", "path": ["monitoring", "stderr"], "values": [{"value": "train(agent_spec, gym_cfg, args,run,scores_dir)", "step": null, "ts": 1622981049.4394143}]}, "version": 42}
{"obj": {"type": "LogStrings", "path": ["monitoring", "stderr"], "values": [{"value": "\n", "step": null, "ts": 1622981049.4666777}]}, "version": 43}
{"obj": {"type": "LogStrings", "path": ["monitoring", "stderr"], "values": [{"value": "  File \"train_dqn_example.py\", line 378, in train\n", "step": null, "ts": 1622981049.4670458}]}, "version": 44}
{"obj": {"type": "LogStrings", "path": ["monitoring", "stderr"], "values": [{"value": "    ", "step": null, "ts": 1622981049.4675465}]}, "version": 45}
{"obj": {"type": "LogStrings", "path": ["monitoring", "stderr"], "values": [{"value": "agent.remember(observations_for_agent[id], actions[id], rewards_list[id],", "step": null, "ts": 1622981049.4678037}]}, "version": 46}
{"obj": {"type": "LogStrings", "path": ["monitoring", "stderr"], "values": [{"value": "\n", "step": null, "ts": 1622981049.4682605}]}, "version": 47}
{"obj": {"type": "LogStrings", "path": ["monitoring", "stderr"], "values": [{"value": "KeyError", "step": null, "ts": 1622981049.4686713}]}, "version": 48}
{"obj": {"type": "LogStrings", "path": ["monitoring", "stderr"], "values": [{"value": ": ", "step": null, "ts": 1622981049.4690926}]}, "version": 49}
{"obj": {"type": "LogStrings", "path": ["monitoring", "stderr"], "values": [{"value": "0", "step": null, "ts": 1622981049.469679}]}, "version": 50}
{"obj": {"type": "LogStrings", "path": ["monitoring", "stderr"], "values": [{"value": "\n", "step": null, "ts": 1622981049.4704375}]}, "version": 51}
{"obj": {"type": "LogStrings", "path": ["monitoring", "stderr"], "values": [{"value": "\nDuring handling of the above exception, another exception occurred:\n\n", "step": null, "ts": 1622981049.4709806}]}, "version": 52}
{"obj": {"type": "LogStrings", "path": ["monitoring", "stderr"], "values": [{"value": "Traceback (most recent call last):\n", "step": null, "ts": 1622981049.4714222}]}, "version": 53}
{"obj": {"type": "LogStrings", "path": ["monitoring", "stderr"], "values": [{"value": "  File \"train_dqn_example.py\", line 660, in <module>\n", "step": null, "ts": 1622981049.471848}]}, "version": 54}
{"obj": {"type": "LogStrings", "path": ["monitoring", "stderr"], "values": [{"value": "    ", "step": null, "ts": 1622981049.4725046}]}, "version": 55}
{"obj": {"type": "LogStrings", "path": ["monitoring", "stderr"], "values": [{"value": "raise AssertionError()", "step": null, "ts": 1622981049.472698}]}, "version": 56}
{"obj": {"type": "LogStrings", "path": ["monitoring", "stderr"], "values": [{"value": "\n", "step": null, "ts": 1622981049.473126}]}, "version": 57}
{"obj": {"type": "LogStrings", "path": ["monitoring", "stderr"], "values": [{"value": "AssertionError", "step": null, "ts": 1622981049.473555}]}, "version": 58}
{"obj": {"type": "LogStrings", "path": ["monitoring", "stderr"], "values": [{"value": "", "step": null, "ts": 1622981049.4739556}]}, "version": 59}
{"obj": {"type": "LogStrings", "path": ["monitoring", "stderr"], "values": [{"value": "\n", "step": null, "ts": 1622981049.4749465}]}, "version": 60}
{"obj": {"type": "LogStrings", "path": ["monitoring", "stdout"], "values": [{"value": "Shutting down background jobs, please wait a moment...\n", "step": null, "ts": 1622981049.4756215}]}, "version": 61}
